0 info it worked if it ends with ok
1 verbose cli [ '/usr/bin/node', '/usr/bin/npm', 'install' ]
2 info using npm@1.4.28
3 info using node@v0.10.33
4 verbose node symlink /usr/bin/node
5 warn package.json browser-action@0.2.4 No repository field.
6 warn package.json browser-action@0.2.4 specifying dependencies as array is deprecated
7 verbose readDependencies using package.json deps
8 verbose install where, deps [ '/home/vanduc/Dev/Workspace/facebook-like-all/firefox/packages/browser-action-jplib',
8 verbose install   [ 'toolbarwidget' ] ]
9 info preinstall browser-action@0.2.4
10 verbose readDependencies using package.json deps
11 verbose cache add [ 'toolbarwidget@', null ]
12 verbose cache add name=undefined spec="toolbarwidget@" args=["toolbarwidget@",null]
13 verbose parsed url { protocol: null,
13 verbose parsed url   slashes: null,
13 verbose parsed url   auth: null,
13 verbose parsed url   host: null,
13 verbose parsed url   port: null,
13 verbose parsed url   hostname: null,
13 verbose parsed url   hash: null,
13 verbose parsed url   search: null,
13 verbose parsed url   query: null,
13 verbose parsed url   pathname: 'toolbarwidget@',
13 verbose parsed url   path: 'toolbarwidget@',
13 verbose parsed url   href: 'toolbarwidget@' }
14 verbose cache add name="toolbarwidget" spec="" args=["toolbarwidget",""]
15 verbose parsed url { protocol: null,
15 verbose parsed url   slashes: null,
15 verbose parsed url   auth: null,
15 verbose parsed url   host: null,
15 verbose parsed url   port: null,
15 verbose parsed url   hostname: null,
15 verbose parsed url   hash: null,
15 verbose parsed url   search: null,
15 verbose parsed url   query: null,
15 verbose parsed url   pathname: null,
15 verbose parsed url   path: null,
15 verbose parsed url   href: '' }
16 verbose addNamed [ 'toolbarwidget', '' ]
17 verbose addNamed [ null, '*' ]
18 silly lockFile cf74de1e-toolbarwidget toolbarwidget@
19 verbose lock toolbarwidget@ /home/vanduc/.npm/cf74de1e-toolbarwidget.lock
20 silly addNameRange { name: 'toolbarwidget', range: '*', hasData: false }
21 verbose request where is /toolbarwidget
22 verbose request registry http://registry.npmjs.org/
23 verbose request id e536294d9d61becc
24 verbose url raw /toolbarwidget
25 verbose url resolving [ 'http://registry.npmjs.org/', './toolbarwidget' ]
26 verbose url resolved http://registry.npmjs.org/toolbarwidget
27 verbose request where is http://registry.npmjs.org/toolbarwidget
28 info trying registry request attempt 1 at 22:28:31
29 http GET http://registry.npmjs.org/toolbarwidget
30 http 404 http://registry.npmjs.org/toolbarwidget
31 verbose headers { server: 'CouchDB/1.5.0 (Erlang OTP/R16B03)',
31 verbose headers   'content-type': 'application/json',
31 verbose headers   'cache-control': 'max-age=0',
31 verbose headers   'content-length': '52',
31 verbose headers   'accept-ranges': 'bytes',
31 verbose headers   date: 'Mon, 22 Dec 2014 15:28:32 GMT',
31 verbose headers   via: '1.1 varnish',
31 verbose headers   connection: 'keep-alive',
31 verbose headers   'x-served-by': 'cache-hk92-HKG',
31 verbose headers   'x-cache': 'MISS',
31 verbose headers   'x-cache-hits': '0',
31 verbose headers   'x-timer': 'S1419262111.495831,VS0,VE945' }
32 silly registry.get cb [ 404,
32 silly registry.get   { server: 'CouchDB/1.5.0 (Erlang OTP/R16B03)',
32 silly registry.get     'content-type': 'application/json',
32 silly registry.get     'cache-control': 'max-age=0',
32 silly registry.get     'content-length': '52',
32 silly registry.get     'accept-ranges': 'bytes',
32 silly registry.get     date: 'Mon, 22 Dec 2014 15:28:32 GMT',
32 silly registry.get     via: '1.1 varnish',
32 silly registry.get     connection: 'keep-alive',
32 silly registry.get     'x-served-by': 'cache-hk92-HKG',
32 silly registry.get     'x-cache': 'MISS',
32 silly registry.get     'x-cache-hits': '0',
32 silly registry.get     'x-timer': 'S1419262111.495831,VS0,VE945' } ]
33 silly lockFile cf74de1e-toolbarwidget toolbarwidget@
34 silly lockFile cf74de1e-toolbarwidget toolbarwidget@
35 error 404 404 Not Found: toolbarwidget
35 error 404
35 error 404 'toolbarwidget' is not in the npm registry.
35 error 404 You should bug the author to publish it
35 error 404 It was specified as a dependency of 'browser-action'
35 error 404
35 error 404 Note that you can also install from a
35 error 404 tarball, folder, or http url, or git url.
36 error System Linux 3.13.0-37-generic
37 error command "/usr/bin/node" "/usr/bin/npm" "install"
38 error cwd /home/vanduc/Dev/Workspace/facebook-like-all/firefox/packages/browser-action-jplib
39 error node -v v0.10.33
40 error npm -v 1.4.28
41 error code E404
42 verbose exit [ 1, true ]
